[debug] [2022-03-06T05:53:40.633Z] ----------------------------------------------------------------------
[debug] [2022-03-06T05:53:40.635Z] Command:       /usr/local/bin/node /usr/local/bin/firebase deploy
[debug] [2022-03-06T05:53:40.635Z] CLI Version:   9.19.0
[debug] [2022-03-06T05:53:40.636Z] Platform:      darwin
[debug] [2022-03-06T05:53:40.636Z] Node Version:  v14.18.0
[debug] [2022-03-06T05:53:40.637Z] Time:          Sat Mar 05 2022 21:53:40 GMT-0800 (Pacific Standard Time)
[debug] [2022-03-06T05:53:40.637Z] ----------------------------------------------------------------------
[debug] 
[debug] [2022-03-06T05:53:40.640Z] >>> [apiv2][query] GET https://firebase-public.firebaseio.com/cli.json [none]
[debug] [2022-03-06T05:53:40.731Z] > command requires scopes: ["email","openid","https://www.googleapis.com/auth/cloudplatformprojects.readonly","https://www.googleapis.com/auth/firebase","https://www.googleapis.com/auth/cloud-platform"]
[debug] [2022-03-06T05:53:40.732Z] > authorizing via signed-in user (ryan@getpressta.com)
[debug] [2022-03-06T05:53:40.732Z] [iam] checking project ryanlewisengineering-144d6 for permissions ["firebase.projects.get","firebasehosting.sites.update"]
[debug] [2022-03-06T05:53:40.733Z] > refreshing access token with scopes: ["email","https://www.googleapis.com/auth/cloud-platform","https://www.googleapis.com/auth/cloudplatformprojects.readonly","https://www.googleapis.com/auth/firebase","openid"]
[debug] [2022-03-06T05:53:40.734Z] >>> HTTP REQUEST POST https://www.googleapis.com/oauth2/v3/token  
 <request body omitted>
[debug] [2022-03-06T05:53:40.890Z] <<< HTTP RESPONSE 200 {"cache-control":"no-cache, no-store, max-age=0, must-revalidate","pragma":"no-cache","expires":"Mon, 01 Jan 1990 00:00:00 GMT","date":"Sun, 06 Mar 2022 05:53:40 GMT","content-type":"application/json; charset=utf-8","vary":"X-Origin, Referer, Origin,Accept-Encoding","server":"scaffolding on HTTPServer2","x-xss-protection":"0","x-frame-options":"SAMEORIGIN","x-content-type-options":"nosniff","alt-svc":"h3=\":443\"; ma=2592000,h3-29=\":443\"; ma=2592000,h3-Q050=\":443\"; ma=2592000,h3-Q046=\":443\"; ma=2592000,h3-Q043=\":443\"; ma=2592000,quic=\":443\"; ma=2592000; v=\"46,43\"","accept-ranges":"none","transfer-encoding":"chunked"}
[debug] [2022-03-06T05:53:40.952Z] >>> HTTP REQUEST POST https://cloudresourcemanager.googleapis.com/v1/projects/ryanlewisengineering-144d6:testIamPermissions  
 {"permissions":["firebase.projects.get","firebasehosting.sites.update"]}
[debug] [2022-03-06T05:53:40.961Z] <<< [apiv2][status] GET https://firebase-public.firebaseio.com/cli.json 200
[debug] [2022-03-06T05:53:40.961Z] <<< [apiv2][body] GET https://firebase-public.firebaseio.com/cli.json {"cloudBuildErrorAfter":1594252800000,"cloudBuildWarnAfter":1590019200000,"defaultNode10After":1594252800000,"minVersion":"3.0.5","node8DeploysDisabledAfter":1613390400000,"node8RuntimeDisabledAfter":1615809600000,"node8WarnAfter":1600128000000}
[debug] [2022-03-06T05:53:41.367Z] <<< HTTP RESPONSE 200 {"content-type":"application/json; charset=UTF-8","vary":"X-Origin, Referer, Origin,Accept-Encoding","date":"Sun, 06 Mar 2022 05:53:41 GMT","server":"ESF","cache-control":"private","x-xss-protection":"0","x-frame-options":"SAMEORIGIN","x-content-type-options":"nosniff","server-timing":"gfet4t7; dur=236","alt-svc":"h3=\":443\"; ma=2592000,h3-29=\":443\"; ma=2592000,h3-Q050=\":443\"; ma=2592000,h3-Q046=\":443\"; ma=2592000,h3-Q043=\":443\"; ma=2592000,quic=\":443\"; ma=2592000; v=\"46,43\"","accept-ranges":"none","transfer-encoding":"chunked"}
[debug] [2022-03-06T05:53:41.368Z] [iam] error while checking permissions, command may fail: FirebaseError: Authorization failed. This account is missing the following required permissions on project ryanlewisengineering-144d6:

  firebase.projects.get
  firebasehosting.sites.update
[debug] [2022-03-06T05:53:41.369Z] > refreshing access token with scopes: []
[debug] [2022-03-06T05:53:41.369Z] >>> HTTP REQUEST POST https://www.googleapis.com/oauth2/v3/token  
 <request body omitted>
[debug] [2022-03-06T05:53:41.467Z] <<< HTTP RESPONSE 200 {"date":"Sun, 06 Mar 2022 05:53:41 GMT","pragma":"no-cache","cache-control":"no-cache, no-store, max-age=0, must-revalidate","expires":"Mon, 01 Jan 1990 00:00:00 GMT","content-type":"application/json; charset=utf-8","vary":"X-Origin, Referer, Origin,Accept-Encoding","server":"scaffolding on HTTPServer2","x-xss-protection":"0","x-frame-options":"SAMEORIGIN","x-content-type-options":"nosniff","alt-svc":"h3=\":443\"; ma=2592000,h3-29=\":443\"; ma=2592000,h3-Q050=\":443\"; ma=2592000,h3-Q046=\":443\"; ma=2592000,h3-Q043=\":443\"; ma=2592000,quic=\":443\"; ma=2592000; v=\"46,43\"","accept-ranges":"none","transfer-encoding":"chunked"}
[debug] [2022-03-06T05:53:41.521Z] >>> [apiv2][query] GET https://firebase.googleapis.com/v1beta1/projects/ryanlewisengineering-144d6 [none]
[debug] [2022-03-06T05:53:41.806Z] <<< [apiv2][status] GET https://firebase.googleapis.com/v1beta1/projects/ryanlewisengineering-144d6 403
[debug] [2022-03-06T05:53:41.806Z] <<< [apiv2][body] GET https://firebase.googleapis.com/v1beta1/projects/ryanlewisengineering-144d6 {"error":{"code":403,"message":"The caller does not have permission","status":"PERMISSION_DENIED"}}
[debug] [2022-03-06T05:53:41.807Z] HTTP Error: 403, The caller does not have permission
[debug] [2022-03-06T05:53:41.808Z] FirebaseError: HTTP Error: 403, The caller does not have permission
    at module.exports (/usr/local/lib/node_modules/firebase-tools/lib/responseToError.js:38:12)
    at Client.doRequest (/usr/local/lib/node_modules/firebase-tools/lib/apiv2.js:238:23)
    at processTicksAndRejections (internal/process/task_queues.js:95:5)
    at async Client.request (/usr/local/lib/node_modules/firebase-tools/lib/apiv2.js:96:20)
    at async Object.getFirebaseProject (/usr/local/lib/node_modules/firebase-tools/lib/management/projects.js:290:21)
    at async Object.getDefaultHostingSite (/usr/local/lib/node_modules/firebase-tools/lib/getDefaultHostingSite.js:8:21)
    at async requireHostingSite (/usr/local/lib/node_modules/firebase-tools/lib/requireHostingSite.js:9:18)
    at async Object.fn (/usr/local/lib/node_modules/firebase-tools/lib/commands/deploy.js:65:9)
    at async /usr/local/lib/node_modules/firebase-tools/lib/command.js:188:17
[error] 
[error] Error: Failed to get Firebase project ryanlewisengineering-144d6. Please make sure the project exists and your account has permission to access it.
[debug] [2022-03-06T05:55:43.522Z] ----------------------------------------------------------------------
[debug] [2022-03-06T05:55:43.525Z] Command:       /usr/local/bin/node /usr/local/bin/firebase deploy
[debug] [2022-03-06T05:55:43.525Z] CLI Version:   9.19.0
[debug] [2022-03-06T05:55:43.526Z] Platform:      darwin
[debug] [2022-03-06T05:55:43.526Z] Node Version:  v14.18.0
[debug] [2022-03-06T05:55:43.527Z] Time:          Sat Mar 05 2022 21:55:43 GMT-0800 (Pacific Standard Time)
[debug] [2022-03-06T05:55:43.527Z] ----------------------------------------------------------------------
[debug] 
[debug] [2022-03-06T05:55:43.606Z] > command requires scopes: ["email","openid","https://www.googleapis.com/auth/cloudplatformprojects.readonly","https://www.googleapis.com/auth/firebase","https://www.googleapis.com/auth/cloud-platform"]
[debug] [2022-03-06T05:55:43.607Z] > authorizing via signed-in user (ryan@getpressta.com)
[debug] [2022-03-06T05:55:43.607Z] [iam] checking project ryanlewisengineering-144d6 for permissions ["firebase.projects.get","firebasehosting.sites.update"]
[debug] [2022-03-06T05:55:43.610Z] > refreshing access token with scopes: ["email","https://www.googleapis.com/auth/cloud-platform","https://www.googleapis.com/auth/cloudplatformprojects.readonly","https://www.googleapis.com/auth/firebase","openid"]
[debug] [2022-03-06T05:55:43.611Z] >>> HTTP REQUEST POST https://www.googleapis.com/oauth2/v3/token  
 <request body omitted>
[debug] [2022-03-06T05:55:43.786Z] <<< HTTP RESPONSE 200 {"date":"Sun, 06 Mar 2022 05:55:43 GMT","pragma":"no-cache","cache-control":"no-cache, no-store, max-age=0, must-revalidate","expires":"Mon, 01 Jan 1990 00:00:00 GMT","content-type":"application/json; charset=utf-8","vary":"X-Origin, Referer, Origin,Accept-Encoding","server":"scaffolding on HTTPServer2","x-xss-protection":"0","x-frame-options":"SAMEORIGIN","x-content-type-options":"nosniff","alt-svc":"h3=\":443\"; ma=2592000,h3-29=\":443\"; ma=2592000,h3-Q050=\":443\"; ma=2592000,h3-Q046=\":443\"; ma=2592000,h3-Q043=\":443\"; ma=2592000,quic=\":443\"; ma=2592000; v=\"46,43\"","accept-ranges":"none","transfer-encoding":"chunked"}
[debug] [2022-03-06T05:55:43.846Z] >>> HTTP REQUEST POST https://cloudresourcemanager.googleapis.com/v1/projects/ryanlewisengineering-144d6:testIamPermissions  
 {"permissions":["firebase.projects.get","firebasehosting.sites.update"]}
[debug] [2022-03-06T05:55:44.104Z] <<< HTTP RESPONSE 200 {"content-type":"application/json; charset=UTF-8","vary":"X-Origin, Referer, Origin,Accept-Encoding","date":"Sun, 06 Mar 2022 05:55:44 GMT","server":"ESF","cache-control":"private","x-xss-protection":"0","x-frame-options":"SAMEORIGIN","x-content-type-options":"nosniff","server-timing":"gfet4t7; dur=205","alt-svc":"h3=\":443\"; ma=2592000,h3-29=\":443\"; ma=2592000,h3-Q050=\":443\"; ma=2592000,h3-Q046=\":443\"; ma=2592000,h3-Q043=\":443\"; ma=2592000,quic=\":443\"; ma=2592000; v=\"46,43\"","accept-ranges":"none","transfer-encoding":"chunked"}
[debug] [2022-03-06T05:55:44.106Z] [iam] error while checking permissions, command may fail: FirebaseError: Authorization failed. This account is missing the following required permissions on project ryanlewisengineering-144d6:

  firebase.projects.get
  firebasehosting.sites.update
[debug] [2022-03-06T05:55:44.109Z] > refreshing access token with scopes: []
[debug] [2022-03-06T05:55:44.109Z] >>> HTTP REQUEST POST https://www.googleapis.com/oauth2/v3/token  
 <request body omitted>
[debug] [2022-03-06T05:55:44.198Z] <<< HTTP RESPONSE 200 {"pragma":"no-cache","cache-control":"no-cache, no-store, max-age=0, must-revalidate","date":"Sun, 06 Mar 2022 05:55:44 GMT","expires":"Mon, 01 Jan 1990 00:00:00 GMT","content-type":"application/json; charset=utf-8","vary":"X-Origin, Referer, Origin,Accept-Encoding","server":"scaffolding on HTTPServer2","x-xss-protection":"0","x-frame-options":"SAMEORIGIN","x-content-type-options":"nosniff","alt-svc":"h3=\":443\"; ma=2592000,h3-29=\":443\"; ma=2592000,h3-Q050=\":443\"; ma=2592000,h3-Q046=\":443\"; ma=2592000,h3-Q043=\":443\"; ma=2592000,quic=\":443\"; ma=2592000; v=\"46,43\"","accept-ranges":"none","transfer-encoding":"chunked"}
[debug] [2022-03-06T05:55:44.254Z] >>> [apiv2][query] GET https://firebase.googleapis.com/v1beta1/projects/ryanlewisengineering-144d6 [none]
[debug] [2022-03-06T05:55:44.518Z] <<< [apiv2][status] GET https://firebase.googleapis.com/v1beta1/projects/ryanlewisengineering-144d6 403
[debug] [2022-03-06T05:55:44.518Z] <<< [apiv2][body] GET https://firebase.googleapis.com/v1beta1/projects/ryanlewisengineering-144d6 {"error":{"code":403,"message":"The caller does not have permission","status":"PERMISSION_DENIED"}}
[debug] [2022-03-06T05:55:44.519Z] HTTP Error: 403, The caller does not have permission
[debug] [2022-03-06T05:55:44.520Z] FirebaseError: HTTP Error: 403, The caller does not have permission
    at module.exports (/usr/local/lib/node_modules/firebase-tools/lib/responseToError.js:38:12)
    at Client.doRequest (/usr/local/lib/node_modules/firebase-tools/lib/apiv2.js:238:23)
    at processTicksAndRejections (internal/process/task_queues.js:95:5)
    at async Client.request (/usr/local/lib/node_modules/firebase-tools/lib/apiv2.js:96:20)
    at async Object.getFirebaseProject (/usr/local/lib/node_modules/firebase-tools/lib/management/projects.js:290:21)
    at async Object.getDefaultHostingSite (/usr/local/lib/node_modules/firebase-tools/lib/getDefaultHostingSite.js:8:21)
    at async requireHostingSite (/usr/local/lib/node_modules/firebase-tools/lib/requireHostingSite.js:9:18)
    at async Object.fn (/usr/local/lib/node_modules/firebase-tools/lib/commands/deploy.js:65:9)
    at async /usr/local/lib/node_modules/firebase-tools/lib/command.js:188:17
[error] 
[error] Error: Failed to get Firebase project ryanlewisengineering-144d6. Please make sure the project exists and your account has permission to access it.
